# JRE version: OpenJDK Runtime Environment Temurin-21.0.10+7 (21.0.10+7) (build 21.0.10+7-LTS)
# Java VM: OpenJDK 64-Bit Server VM Temurin-21.0.10+7 (21.0.10+7-LTS, mixed mode, sharing, tiered, compressed oops, compressed class ptrs, serial gc, windows-amd64)
GC Precious Log:
 CardTable entry size: 512
 CPUs: 16 total, 16 available
 Memory: 16087M
 Large Page Support: Disabled
 NUMA Support: Disabled
 Compressed Oops: Enabled (32-bit)
 Heap Min Capacity: 8M
 Heap Initial Capacity: 128M
 Heap Max Capacity: 128M
 Pre-touch: Disabled
Heap:
 def new generation   total 39296K, used 22175K [0x00000000f8000000, 0x00000000faaa0000, 0x00000000faaa0000)
  eden space 34944K,  57% used [0x00000000f8000000, 0x00000000f93aa9e0, 0x00000000fa220000)
  from space 4352K,  46% used [0x00000000fa660000, 0x00000000fa85d268, 0x00000000faaa0000)
  to   space 4352K,   0% used [0x00000000fa220000, 0x00000000fa220000, 0x00000000fa660000)
 tenured generation   total 87424K, used 39947K [0x00000000faaa0000, 0x0000000100000000, 0x0000000100000000)
   the space 87424K,  45% used [0x00000000faaa0000, 0x00000000fd1a2c10, 0x00000000fd1a2e00, 0x0000000100000000)
 Metaspace       used 30831K, committed 31296K, reserved 1114112K
  class space    used 3477K, committed 3712K, reserved 1048576K
GC Heap History (20 events):
Event: 3.637 GC heap before
{Heap before GC invocations=2 (full 0):
 def new generation   total 39296K, used 37183K [0x00000000f8000000, 0x00000000faaa0000, 0x00000000faaa0000)
  eden space 34944K, 100% used [0x00000000f8000000, 0x00000000fa220000, 0x00000000fa220000)
  from space 4352K,  51% used [0x00000000fa220000, 0x00000000fa44fcc8, 0x00000000fa660000)
  to   space 4352K,   0% used [0x00000000fa660000, 0x00000000fa660000, 0x00000000faaa0000)
 tenured generation   total 87424K, used 3633K [0x00000000faaa0000, 0x0000000100000000, 0x0000000100000000)
   the space 87424K,   4% used [0x00000000faaa0000, 0x00000000fae2c620, 0x00000000fae2c800, 0x0000000100000000)
 Metaspace       used 15190K, committed 15424K, reserved 1114112K
  class space    used 1805K, committed 1920K, reserved 1048576K
}
Event: 3.656 GC heap after
{Heap after GC invocations=3 (full 0):
 def new generation   total 39296K, used 4351K [0x00000000f8000000, 0x00000000faaa0000, 0x00000000faaa0000)
  eden space 34944K,   0% used [0x00000000f8000000, 0x00000000f8000000, 0x00000000fa220000)
  from space 4352K,  99% used [0x00000000fa660000, 0x00000000faa9fff8, 0x00000000faaa0000)
  to   space 4352K,   0% used [0x00000000fa220000, 0x00000000fa220000, 0x00000000fa660000)
 tenured generation   total 87424K, used 6089K [0x00000000faaa0000, 0x0000000100000000, 0x0000000100000000)
   the space 87424K,   6% used [0x00000000faaa0000, 0x00000000fb092698, 0x00000000fb092800, 0x0000000100000000)
 Metaspace       used 15190K, committed 15424K, reserved 1114112K
  class space    used 1805K, committed 1920K, reserved 1048576K
}
Event: 4.537 GC heap before
{Heap before GC invocations=3 (full 0):
 def new generation   total 39296K, used 39295K [0x00000000f8000000, 0x00000000faaa0000, 0x00000000faaa0000)
  eden space 34944K, 100% used [0x00000000f8000000, 0x00000000fa220000, 0x00000000fa220000)
  from space 4352K,  99% used [0x00000000fa660000, 0x00000000faa9fff8, 0x00000000faaa0000)
  to   space 4352K,   0% used [0x00000000fa220000, 0x00000000fa220000, 0x00000000fa660000)
 tenured generation   total 87424K, used 6089K [0x00000000faaa0000, 0x0000000100000000, 0x0000000100000000)
   the space 87424K,   6% used [0x00000000faaa0000, 0x00000000fb092698, 0x00000000fb092800, 0x0000000100000000)
 Metaspace       used 16201K, committed 16448K, reserved 1114112K
  class space    used 1887K, committed 1984K, reserved 1048576K
}
Event: 4.552 GC heap after
{Heap after GC invocations=4 (full 0):
 def new generation   total 39296K, used 2433K [0x00000000f8000000, 0x00000000faaa0000, 0x00000000faaa0000)
  eden space 34944K,   0% used [0x00000000f8000000, 0x00000000f8000000, 0x00000000fa220000)
  from space 4352K,  55% used [0x00000000fa220000, 0x00000000fa4807d0, 0x00000000fa660000)
  to   space 4352K,   0% used [0x00000000fa660000, 0x00000000fa660000, 0x00000000faaa0000)
 tenured generation   total 87424K, used 10232K [0x00000000faaa0000, 0x0000000100000000, 0x0000000100000000)
   the space 87424K,  11% used [0x00000000faaa0000, 0x00000000fb49e050, 0x00000000fb49e200, 0x0000000100000000)
 Metaspace       used 16201K, committed 16448K, reserved 1114112K
  class space    used 1887K, committed 1984K, reserved 1048576K
}
Event: 5.527 GC heap before
{Heap before GC invocations=4 (full 0):
 def new generation   total 39296K, used 37377K [0x00000000f8000000, 0x00000000faaa0000, 0x00000000faaa0000)
  eden space 34944K, 100% used [0x00000000f8000000, 0x00000000fa220000, 0x00000000fa220000)
  from space 4352K,  55% used [0x00000000fa220000, 0x00000000fa4807d0, 0x00000000fa660000)
  to   space 4352K,   0% used [0x00000000fa660000, 0x00000000fa660000, 0x00000000faaa0000)
 tenured generation   total 87424K, used 10232K [0x00000000faaa0000, 0x0000000100000000, 0x0000000100000000)
   the space 87424K,  11% used [0x00000000faaa0000, 0x00000000fb49e050, 0x00000000fb49e200, 0x0000000100000000)
 Metaspace       used 17281K, committed 17536K, reserved 1114112K
  class space    used 1998K, committed 2112K, reserved 1048576K
}
Event: 5.537 GC heap after
{Heap after GC invocations=5 (full 0):
 def new generation   total 39296K, used 2096K [0x00000000f8000000, 0x00000000faaa0000, 0x00000000faaa0000)
  eden space 34944K,   0% used [0x00000000f8000000, 0x00000000f8000000, 0x00000000fa220000)
  from space 4352K,  48% used [0x00000000fa660000, 0x00000000fa86c108, 0x00000000faaa0000)
  to   space 4352K,   0% used [0x00000000fa220000, 0x00000000fa220000, 0x00000000fa660000)
 tenured generation   total 87424K, used 11949K [0x00000000faaa0000, 0x0000000100000000, 0x0000000100000000)
   the space 87424K,  13% used [0x00000000faaa0000, 0x00000000fb64b7d8, 0x00000000fb64b800, 0x0000000100000000)
 Metaspace       used 17281K, committed 17536K, reserved 1114112K
  class space    used 1998K, committed 2112K, reserved 1048576K
}
Event: 6.321 GC heap before
{Heap before GC invocations=5 (full 0):
 def new generation   total 39296K, used 37040K [0x00000000f8000000, 0x00000000faaa0000, 0x00000000faaa0000)
  eden space 34944K, 100% used [0x00000000f8000000, 0x00000000fa220000, 0x00000000fa220000)
  from space 4352K,  48% used [0x00000000fa660000, 0x00000000fa86c108, 0x00000000faaa0000)
  to   space 4352K,   0% used [0x00000000fa220000, 0x00000000fa220000, 0x00000000fa660000)
 tenured generation   total 87424K, used 11949K [0x00000000faaa0000, 0x0000000100000000, 0x0000000100000000)
   the space 87424K,  13% used [0x00000000faaa0000, 0x00000000fb64b7d8, 0x00000000fb64b800, 0x0000000100000000)
 Metaspace       used 20811K, committed 21184K, reserved 1114112K
  class space    used 2374K, committed 2560K, reserved 1048576K
}
Event: 6.338 GC heap after
{Heap after GC invocations=6 (full 0):
 def new generation   total 39296K, used 4352K [0x00000000f8000000, 0x00000000faaa0000, 0x00000000faaa0000)
  eden space 34944K,   0% used [0x00000000f8000000, 0x00000000f8000000, 0x00000000fa220000)
  from space 4352K, 100% used [0x00000000fa220000, 0x00000000fa660000, 0x00000000fa660000)
  to   space 4352K,   0% used [0x00000000fa660000, 0x00000000fa660000, 0x00000000faaa0000)
 tenured generation   total 87424K, used 16482K [0x00000000faaa0000, 0x0000000100000000, 0x0000000100000000)
   the space 87424K,  18% used [0x00000000faaa0000, 0x00000000fbab88f8, 0x00000000fbab8a00, 0x0000000100000000)
 Metaspace       used 20811K, committed 21184K, reserved 1114112K
  class space    used 2374K, committed 2560K, reserved 1048576K
}
Event: 6.434 GC heap before
{Heap before GC invocations=6 (full 0):
 def new generation   total 39296K, used 8447K [0x00000000f8000000, 0x00000000faaa0000, 0x00000000faaa0000)
  eden space 34944K,  11% used [0x00000000f8000000, 0x00000000f83ffd40, 0x00000000fa220000)
  from space 4352K, 100% used [0x00000000fa220000, 0x00000000fa660000, 0x00000000fa660000)
  to   space 4352K,   0% used [0x00000000fa660000, 0x00000000fa660000, 0x00000000faaa0000)
 tenured generation   total 87424K, used 16482K [0x00000000faaa0000, 0x0000000100000000, 0x0000000100000000)
   the space 87424K,  18% used [0x00000000faaa0000, 0x00000000fbab88f8, 0x00000000fbab8a00, 0x0000000100000000)
 Metaspace       used 21209K, committed 21504K, reserved 1114112K
  class space    used 2410K, committed 2560K, reserved 1048576K
}
Event: 6.492 GC heap after
{Heap after GC invocations=7 (full 1):
 def new generation   total 39296K, used 0K [0x00000000f8000000, 0x00000000faaa0000, 0x00000000faaa0000)
  eden space 34944K,   0% used [0x00000000f8000000, 0x00000000f8000000, 0x00000000fa220000)
  from space 4352K,   0% used [0x00000000fa220000, 0x00000000fa220000, 0x00000000fa660000)
  to   space 4352K,   0% used [0x00000000fa660000, 0x00000000fa660000, 0x00000000faaa0000)
 tenured generation   total 87424K, used 23010K [0x00000000faaa0000, 0x0000000100000000, 0x0000000100000000)
   the space 87424K,  26% used [0x00000000faaa0000, 0x00000000fc118a90, 0x00000000fc118c00, 0x0000000100000000)
 Metaspace       used 21209K, committed 21504K, reserved 1114112K
  class space    used 2410K, committed 2560K, reserved 1048576K
}
Event: 7.664 GC heap before
{Heap before GC invocations=7 (full 1):
 def new generation   total 39296K, used 34944K [0x00000000f8000000, 0x00000000faaa0000, 0x00000000faaa0000)
  eden space 34944K, 100% used [0x00000000f8000000, 0x00000000fa220000, 0x00000000fa220000)
  from space 4352K,   0% used [0x00000000fa220000, 0x00000000fa220000, 0x00000000fa660000)
  to   space 4352K,   0% used [0x00000000fa660000, 0x00000000fa660000, 0x00000000faaa0000)
 tenured generation   total 87424K, used 23010K [0x00000000faaa0000, 0x0000000100000000, 0x0000000100000000)
   the space 87424K,  26% used [0x00000000faaa0000, 0x00000000fc118a90, 0x00000000fc118c00, 0x0000000100000000)
 Metaspace       used 27026K, committed 27392K, reserved 1114112K
  class space    used 3094K, committed 3264K, reserved 1048576K
}
Event: 7.692 GC heap after
{Heap after GC invocations=8 (full 1):
 def new generation   total 39296K, used 4352K [0x00000000f8000000, 0x00000000faaa0000, 0x00000000faaa0000)
  eden space 34944K,   0% used [0x00000000f8000000, 0x00000000f8000000, 0x00000000fa220000)
  from space 4352K, 100% used [0x00000000fa660000, 0x00000000faaa0000, 0x00000000faaa0000)
  to   space 4352K,   0% used [0x00000000fa220000, 0x00000000fa220000, 0x00000000fa660000)
 tenured generation   total 87424K, used 29007K [0x00000000faaa0000, 0x0000000100000000, 0x0000000100000000)
   the space 87424K,  33% used [0x00000000faaa0000, 0x00000000fc6f3d60, 0x00000000fc6f3e00, 0x0000000100000000)
 Metaspace       used 27026K, committed 27392K, reserved 1114112K
  class space    used 3094K, committed 3264K, reserved 1048576K
}
Event: 8.461 GC heap before
{Heap before GC invocations=8 (full 1):
 def new generation   total 39296K, used 39296K [0x00000000f8000000, 0x00000000faaa0000, 0x00000000faaa0000)
  eden space 34944K, 100% used [0x00000000f8000000, 0x00000000fa220000, 0x00000000fa220000)
  from space 4352K, 100% used [0x00000000fa660000, 0x00000000faaa0000, 0x00000000faaa0000)
  to   space 4352K,   0% used [0x00000000fa220000, 0x00000000fa220000, 0x00000000fa660000)
 tenured generation   total 87424K, used 29007K [0x00000000faaa0000, 0x0000000100000000, 0x0000000100000000)
   the space 87424K,  33% used [0x00000000faaa0000, 0x00000000fc6f3d60, 0x00000000fc6f3e00, 0x0000000100000000)
 Metaspace       used 27944K, committed 28352K, reserved 1114112K
  class space    used 3164K, committed 3328K, reserved 1048576K
}
Event: 8.485 GC heap after
{Heap after GC invocations=9 (full 1):
 def new generation   total 39296K, used 4351K [0x00000000f8000000, 0x00000000faaa0000, 0x00000000faaa0000)
  eden space 34944K,   0% used [0x00000000f8000000, 0x00000000f8000000, 0x00000000fa220000)
  from space 4352K,  99% used [0x00000000fa220000, 0x00000000fa65fff8, 0x00000000fa660000)
  to   space 4352K,   0% used [0x00000000fa660000, 0x00000000fa660000, 0x00000000faaa0000)
 tenured generation   total 87424K, used 34741K [0x00000000faaa0000, 0x0000000100000000, 0x0000000100000000)
   the space 87424K,  39% used [0x00000000faaa0000, 0x00000000fcc8d470, 0x00000000fcc8d600, 0x0000000100000000)
 Metaspace       used 27944K, committed 28352K, reserved 1114112K
  class space    used 3164K, committed 3328K, reserved 1048576K
}
Event: 9.377 GC heap before
{Heap before GC invocations=9 (full 1):
 def new generation   total 39296K, used 39295K [0x00000000f8000000, 0x00000000faaa0000, 0x00000000faaa0000)
  eden space 34944K, 100% used [0x00000000f8000000, 0x00000000fa220000, 0x00000000fa220000)
  from space 4352K,  99% used [0x00000000fa220000, 0x00000000fa65fff8, 0x00000000fa660000)
  to   space 4352K,   0% used [0x00000000fa660000, 0x00000000fa660000, 0x00000000faaa0000)
 tenured generation   total 87424K, used 34741K [0x00000000faaa0000, 0x0000000100000000, 0x0000000100000000)
   the space 87424K,  39% used [0x00000000faaa0000, 0x00000000fcc8d470, 0x00000000fcc8d600, 0x0000000100000000)
 Metaspace       used 29842K, committed 30272K, reserved 1114112K
  class space    used 3396K, committed 3584K, reserved 1048576K
}
Event: 9.396 GC heap after
{Heap after GC invocations=10 (full 1):
 def new generation   total 39296K, used 903K [0x00000000f8000000, 0x00000000faaa0000, 0x00000000faaa0000)
  eden space 34944K,   0% used [0x00000000f8000000, 0x00000000f8000000, 0x00000000fa220000)
  from space 4352K,  20% used [0x00000000fa660000, 0x00000000fa741f58, 0x00000000faaa0000)
  to   space 4352K,   0% used [0x00000000fa220000, 0x00000000fa220000, 0x00000000fa660000)
 tenured generation   total 87424K, used 39085K [0x00000000faaa0000, 0x0000000100000000, 0x0000000100000000)
   the space 87424K,  44% used [0x00000000faaa0000, 0x00000000fd0cb450, 0x00000000fd0cb600, 0x0000000100000000)
 Metaspace       used 29842K, committed 30272K, reserved 1114112K
  class space    used 3396K, committed 3584K, reserved 1048576K
}
Event: 10.079 GC heap before
{Heap before GC invocations=10 (full 1):
 def new generation   total 39296K, used 35847K [0x00000000f8000000, 0x00000000faaa0000, 0x00000000faaa0000)
  eden space 34944K, 100% used [0x00000000f8000000, 0x00000000fa220000, 0x00000000fa220000)
  from space 4352K,  20% used [0x00000000fa660000, 0x00000000fa741f58, 0x00000000faaa0000)
  to   space 4352K,   0% used [0x00000000fa220000, 0x00000000fa220000, 0x00000000fa660000)
 tenured generation   total 87424K, used 39085K [0x00000000faaa0000, 0x0000000100000000, 0x0000000100000000)
   the space 87424K,  44% used [0x00000000faaa0000, 0x00000000fd0cb450, 0x00000000fd0cb600, 0x0000000100000000)
 Metaspace       used 30440K, committed 30912K, reserved 1114112K
  class space    used 3455K, committed 3648K, reserved 1048576K
}
Event: 10.094 GC heap after
{Heap after GC invocations=11 (full 1):
 def new generation   total 39296K, used 2519K [0x00000000f8000000, 0x00000000faaa0000, 0x00000000faaa0000)
  eden space 34944K,   0% used [0x00000000f8000000, 0x00000000f8000000, 0x00000000fa220000)
  from space 4352K,  57% used [0x00000000fa220000, 0x00000000fa495d20, 0x00000000fa660000)
  to   space 4352K,   0% used [0x00000000fa660000, 0x00000000fa660000, 0x00000000faaa0000)
 tenured generation   total 87424K, used 39085K [0x00000000faaa0000, 0x0000000100000000, 0x0000000100000000)
   the space 87424K,  44% used [0x00000000faaa0000, 0x00000000fd0cb450, 0x00000000fd0cb600, 0x0000000100000000)
 Metaspace       used 30440K, committed 30912K, reserved 1114112K
  class space    used 3455K, committed 3648K, reserved 1048576K
}
Event: 10.423 GC heap before
{Heap before GC invocations=11 (full 1):
 def new generation   total 39296K, used 37463K [0x00000000f8000000, 0x00000000faaa0000, 0x00000000faaa0000)
  eden space 34944K, 100% used [0x00000000f8000000, 0x00000000fa220000, 0x00000000fa220000)
  from space 4352K,  57% used [0x00000000fa220000, 0x00000000fa495d20, 0x00000000fa660000)
  to   space 4352K,   0% used [0x00000000fa660000, 0x00000000fa660000, 0x00000000faaa0000)
 tenured generation   total 87424K, used 39085K [0x00000000faaa0000, 0x0000000100000000, 0x0000000100000000)
   the space 87424K,  44% used [0x00000000faaa0000, 0x00000000fd0cb450, 0x00000000fd0cb600, 0x0000000100000000)
 Metaspace       used 30696K, committed 31168K, reserved 1114112K
  class space    used 3461K, committed 3648K, reserved 1048576K
}
Event: 10.434 GC heap after
{Heap after GC invocations=12 (full 1):
 def new generation   total 39296K, used 2036K [0x00000000f8000000, 0x00000000faaa0000, 0x00000000faaa0000)
  eden space 34944K,   0% used [0x00000000f8000000, 0x00000000f8000000, 0x00000000fa220000)
  from space 4352K,  46% used [0x00000000fa660000, 0x00000000fa85d268, 0x00000000faaa0000)
  to   space 4352K,   0% used [0x00000000fa220000, 0x00000000fa220000, 0x00000000fa660000)
 tenured generation   total 87424K, used 39947K [0x00000000faaa0000, 0x0000000100000000, 0x0000000100000000)
   the space 87424K,  45% used [0x00000000faaa0000, 0x00000000fd1a2c10, 0x00000000fd1a2e00, 0x0000000100000000)
 Metaspace       used 30696K, committed 31168K, reserved 1114112K
  class space    used 3461K, committed 3648K, reserved 1048576K
}

